2026-03-09 08:53:50,238 INFO 
==================================================
2026-03-09 08:53:50,238 INFO Loading season 2022...
2026-03-09 08:53:50,253 INFO Loading season 2022. Existing games in DB: 5900
2026-03-09 08:53:51,232 INFO Loaded 362 teams
2026-03-09 08:53:51,233 INFO   Processing team 1/362...
2026-03-09 08:54:38,134 INFO   Processing team 51/362...
2026-03-09 08:55:26,591 INFO   Processing team 101/362...
2026-03-09 08:56:14,203 INFO   Processing team 151/362...
2026-03-09 08:56:59,848 INFO   Processing team 201/362...
2026-03-09 08:57:46,478 INFO   Processing team 251/362...
2026-03-09 08:58:34,069 INFO   Processing team 301/362...
2026-03-09 08:59:22,516 INFO   Processing team 351/362...
2026-03-09 08:59:33,164 INFO Season 2022: 5844 new games found, 5844 inserted to DB
2026-03-09 08:59:33,166 INFO Season 2022 complete: 5844 new games
2026-03-09 08:59:33,166 INFO 
==================================================
2026-03-09 08:59:33,166 INFO Loading season 2023...
2026-03-09 08:59:33,177 INFO Loading season 2023. Existing games in DB: 11744
2026-03-09 08:59:33,450 INFO Loaded 362 teams
2026-03-09 08:59:33,452 INFO   Processing team 1/362...
2026-03-09 09:00:24,808 INFO   Processing team 51/362...
2026-03-09 09:01:10,284 INFO   Processing team 101/362...
2026-03-09 09:01:58,381 INFO   Processing team 151/362...
2026-03-09 09:02:44,504 INFO   Processing team 201/362...
2026-03-09 09:03:32,205 INFO   Processing team 251/362...
2026-03-09 09:04:22,039 INFO   Processing team 301/362...
2026-03-09 09:05:08,730 INFO   Processing team 351/362...
2026-03-09 09:05:19,511 INFO Season 2023: 6096 new games found, 6096 inserted to DB
2026-03-09 09:05:19,515 INFO Season 2023 complete: 6096 new games
2026-03-09 09:05:19,515 INFO 
==================================================
2026-03-09 09:05:19,515 INFO Loading season 2024...
2026-03-09 09:05:19,537 INFO Loading season 2024. Existing games in DB: 17840
2026-03-09 09:05:19,997 INFO Loaded 362 teams
2026-03-09 09:05:20,000 INFO   Processing team 1/362...
2026-03-09 09:06:05,251 INFO   Processing team 51/362...
2026-03-09 09:06:49,823 INFO   Processing team 101/362...
2026-03-09 09:07:36,898 INFO   Processing team 151/362...
2026-03-09 09:08:22,526 INFO   Processing team 201/362...
2026-03-09 09:09:08,664 INFO   Processing team 251/362...
2026-03-09 09:09:53,764 INFO   Processing team 301/362...
2026-03-09 09:10:41,031 INFO   Processing team 351/362...
2026-03-09 09:10:52,536 INFO Season 2024: 6113 new games found, 6113 inserted to DB
2026-03-09 09:10:52,539 INFO Season 2024 complete: 6113 new games
2026-03-09 09:10:52,539 INFO 
==================================================
2026-03-09 09:10:52,539 INFO Loading season 2025...
2026-03-09 09:10:52,584 INFO Loading season 2025. Existing games in DB: 23953
2026-03-09 09:10:52,782 INFO Loaded 362 teams
2026-03-09 09:10:52,784 INFO   Processing team 1/362...
2026-03-09 09:11:40,711 INFO   Processing team 51/362...
2026-03-09 09:12:26,192 INFO   Processing team 101/362...
2026-03-09 09:13:11,969 INFO   Processing team 151/362...
2026-03-09 09:14:00,566 INFO   Processing team 201/362...
2026-03-09 09:14:47,880 INFO   Processing team 251/362...
2026-03-09 09:15:35,261 INFO   Processing team 301/362...
2026-03-09 09:16:19,413 INFO   Processing team 351/362...
2026-03-09 09:16:31,283 INFO Season 2025: 6160 new games found, 6160 inserted to DB
2026-03-09 09:16:31,288 INFO Season 2025 complete: 6160 new games
done
