2026-03-04 01:33:57,651 INFO 
============================================================
2026-03-04 01:33:57,651 INFO 🏀 NBA BETTING BRAIN — Overnight Training
2026-03-04 01:33:57,651 INFO    Started: 2026-03-04 01:33 ET
2026-03-04 01:33:57,651 INFO ============================================================

2026-03-04 01:33:57,651 INFO 
============================================================
2026-03-04 01:33:57,660 INFO STEP: Load Historical Data (5 seasons)
2026-03-04 01:33:57,660 INFO ============================================================
2026-03-04 01:33:58,367 INFO Loading seasons: ['2021-22', '2022-23', '2023-24', '2024-25', '2025-26']
2026-03-04 01:33:58,368 INFO 
==================================================
2026-03-04 01:33:58,368 INFO Processing season: 2021-22
2026-03-04 01:33:58,370 INFO Loading game log for 2021-22...
2026-03-04 01:33:59,515 INFO   Loaded 1230 games
2026-03-04 01:33:59,531 INFO   Saved to DB ✅
2026-03-04 01:34:00,600 INFO 
==================================================
2026-03-04 01:34:00,601 INFO Processing season: 2022-23
2026-03-04 01:34:00,601 INFO Loading game log for 2022-23...
2026-03-04 01:34:01,734 INFO   Loaded 1230 games
2026-03-04 01:34:01,747 INFO   Saved to DB ✅
2026-03-04 01:34:02,822 INFO 
==================================================
2026-03-04 01:34:02,823 INFO Processing season: 2023-24
2026-03-04 01:34:02,823 INFO Loading game log for 2023-24...
2026-03-04 01:34:04,030 INFO   Loaded 1230 games
2026-03-04 01:34:04,044 INFO   Saved to DB ✅
2026-03-04 01:34:05,108 INFO 
==================================================
2026-03-04 01:34:05,108 INFO Processing season: 2024-25
2026-03-04 01:34:05,108 INFO Loading game log for 2024-25...
